[36mINFO[0m::04/14 16:30:58 | Run Argv:
> train_DM.py cfgs/DM/train.yaml cfgs/data/train/kor_dmfont_png.yaml
[36mINFO[0m::04/14 16:30:58 | Args:
config_paths  = ['cfgs/DM/train.yaml', 'cfgs/data/train/kor_dmfont_png.yaml']
nodes         = 1
gpus_per_node = 1
nr            = 0
port          = 13481
verbose       = True
world_size    = 1
[36mINFO[0m::04/14 16:30:58 | Configs:
seed: 2
model: dm
decomposition: data/kor/decomposition_DM.json
n_primals: 68
max_iter: 300000
g_lr: 0.0002
d_lr: 0.0008
ac_lr: 0.0002
adam_betas: 
  - 0.0
  - 0.9
trainer: 
  resume: None
  force_resume: False
  work_dir: result/dm_train_png_
  pixel_loss_type: l1
  pixel_w: 0.1
  gan_w: 1.0
  fm_layers: all
  fm_w: 1.0
  ac_w: 0.1
  ac_gen_w: 0.1
  fact_const_w: 0.0
  save: all-last
  print_freq: 1000
  val_freq: 10000
  save_freq: 50000
  tb_freq: 100
gen: 
  n_heads: 3
dset: 
  loader: 
    batch_size: 4
    num_workers: 1
  train: 
    n_in_s: 3
    n_in_min: 1
    n_in_max: 4
    data_dir: data_example/kor/png
    chars: data/kor/train_chars_png.json
    extension: png
  val: 
    seen_chars: 
      data_dir: data_example/kor/png
      extension: png
      n_gen: 20
      n_font: 3
      chars: data/kor/val_seen_chars_png.json
      source_path: data/kor/NaNum_GoLyeo.ttf
      source_ext: ttf
use_ddp: False
[36mINFO[0m::04/14 16:30:58 | [0] Get dataset ...
[36mINFO[0m::04/14 16:30:58 | [0] Build model ...
/home/elicer/Own-My-Geul/clova/lib/python3.10/site-packages/torch/functional.py:504: UserWarning: torch.meshgrid: in an upcoming release, it will be required to pass the indexing argument. (Triggered internally at ../aten/src/ATen/native/TensorShape.cpp:3483.)
  return _VF.meshgrid(tensors, **kwargs)  # type: ignore[attr-defined]
[36mINFO[0m::04/14 16:31:02 | Start training ...
