[37m[36mINFO[0m[0m::04/08 18:11:30 | Run Argv:
> train_DM.py cfgs/DM/train.yaml cfgs/data/train/kor_dmfont_png.yaml
[37m[36mINFO[0m[0m::04/08 18:11:30 | Args:
config_paths  = ['cfgs/DM/train.yaml', 'cfgs/data/train/kor_dmfont_png.yaml']
nodes         = 1
gpus_per_node = 1
nr            = 0
port          = 13481
verbose       = True
world_size    = 1
[37m[36mINFO[0m[0m::04/08 18:11:30 | Configs:
seed: 2
model: dm
decomposition: data/kor/decomposition_DM.json
n_primals: 68
max_iter: 300000
g_lr: 0.0002
d_lr: 0.0008
ac_lr: 0.0002
adam_betas: 
  - 0.0
  - 0.9
trainer: 
  resume: None
  force_resume: False
  work_dir: result/dm_train_png
  pixel_loss_type: l1
  pixel_w: 0.1
  gan_w: 1.0
  fm_layers: all
  fm_w: 1.0
  ac_w: 0.1
  ac_gen_w: 0.1
  fact_const_w: 0.0
  save: all-last
  print_freq: 1000
  val_freq: 10000
  save_freq: 50000
  tb_freq: 100
gen: 
  n_heads: 3
dset: 
  loader: 
    batch_size: 4
    num_workers: 1
  train: 
    n_in_s: 3
    n_in_min: 1
    n_in_max: 4
    data_dir: data_example/kor/png
    chars: data/kor/train_chars_png.json
    extension: png
  val: 
    seen_chars: 
      data_dir: data_example/kor/png
      extension: png
      n_gen: 20
      n_font: 3
      chars: data/kor/val_seen_chars_png.json
      source_path: data/kor/NaNum_GoLyeo.ttf
      source_ext: ttf
use_ddp: False
[37m[36mINFO[0m[0m::04/08 18:11:31 | [0] Get dataset ...
[37m[36mINFO[0m[0m::04/08 18:11:56 | Run Argv:
> train_DM.py cfgs/DM/train.yaml cfgs/data/train/kor_dmfont_png.yaml
[37m[36mINFO[0m[0m::04/08 18:11:56 | Args:
config_paths  = ['cfgs/DM/train.yaml', 'cfgs/data/train/kor_dmfont_png.yaml']
nodes         = 1
gpus_per_node = 1
nr            = 0
port          = 13481
verbose       = True
world_size    = 1
[37m[36mINFO[0m[0m::04/08 18:11:56 | Configs:
seed: 2
model: dm
decomposition: data/kor/decomposition_DM.json
n_primals: 68
max_iter: 300000
g_lr: 0.0002
d_lr: 0.0008
ac_lr: 0.0002
adam_betas: 
  - 0.0
  - 0.9
trainer: 
  resume: None
  force_resume: False
  work_dir: result/dm_train_png
  pixel_loss_type: l1
  pixel_w: 0.1
  gan_w: 1.0
  fm_layers: all
  fm_w: 1.0
  ac_w: 0.1
  ac_gen_w: 0.1
  fact_const_w: 0.0
  save: all-last
  print_freq: 1000
  val_freq: 10000
  save_freq: 50000
  tb_freq: 100
gen: 
  n_heads: 3
dset: 
  loader: 
    batch_size: 4
    num_workers: 1
  train: 
    n_in_s: 3
    n_in_min: 1
    n_in_max: 4
    data_dir: data_example/kor/png
    chars: data/kor/train_chars_png.json
    extension: png
  val: 
    seen_chars: 
      data_dir: data_example/kor/png
      extension: png
      n_gen: 20
      n_font: 3
      chars: data/kor/val_seen_chars_png.json
      source_path: data/kor/NaNum_GoLyeo.ttf
      source_ext: ttf
use_ddp: False
[37m[36mINFO[0m[0m::04/08 18:11:57 | [0] Get dataset ...
[37m[36mINFO[0m[0m::04/13 07:42:17 | Run Argv:
> train_DM.py cfgs/DM/train.yaml cfgs/data/train/kor_dmfont_png.yaml
[37m[36mINFO[0m[0m::04/13 07:42:17 | Args:
config_paths  = ['cfgs/DM/train.yaml', 'cfgs/data/train/kor_dmfont_png.yaml']
nodes         = 1
gpus_per_node = 1
nr            = 0
port          = 13481
verbose       = True
world_size    = 1
[37m[36mINFO[0m[0m::04/13 07:42:17 | Configs:
seed: 2
model: dm
decomposition: data/kor/decomposition_DM.json
n_primals: 68
max_iter: 300000
g_lr: 0.0002
d_lr: 0.0008
ac_lr: 0.0002
adam_betas: 
  - 0.0
  - 0.9
trainer: 
  resume: None
  force_resume: False
  work_dir: result/dm_train_png
  pixel_loss_type: l1
  pixel_w: 0.1
  gan_w: 1.0
  fm_layers: all
  fm_w: 1.0
  ac_w: 0.1
  ac_gen_w: 0.1
  fact_const_w: 0.0
  save: all-last
  print_freq: 1000
  val_freq: 10000
  save_freq: 50000
  tb_freq: 100
gen: 
  n_heads: 3
dset: 
  loader: 
    batch_size: 4
    num_workers: 1
  train: 
    n_in_s: 3
    n_in_min: 1
    n_in_max: 4
    data_dir: data_example/kor/png
    chars: data/kor/train_chars_png.json
    extension: png
  val: 
    seen_chars: 
      data_dir: data_example/kor/png
      extension: png
      n_gen: 20
      n_font: 3
      chars: data/kor/val_seen_chars_png.json
      source_path: data/kor/NaNum_GoLyeo.ttf
      source_ext: ttf
use_ddp: False
[37m[36mINFO[0m[0m::04/13 07:42:18 | [0] Get dataset ...
[37m[36mINFO[0m[0m::04/13 07:54:55 | Run Argv:
> train_DM.py cfgs/DM/train.yaml cfgs/data/train/kor_dmfont_png.yaml
[37m[36mINFO[0m[0m::04/13 07:54:55 | Args:
config_paths  = ['cfgs/DM/train.yaml', 'cfgs/data/train/kor_dmfont_png.yaml']
nodes         = 1
gpus_per_node = 1
nr            = 0
port          = 13481
verbose       = True
world_size    = 1
[37m[36mINFO[0m[0m::04/13 07:54:55 | Configs:
seed: 2
model: dm
decomposition: data/kor/decomposition_DM.json
n_primals: 68
max_iter: 300000
g_lr: 0.0002
d_lr: 0.0008
ac_lr: 0.0002
adam_betas: 
  - 0.0
  - 0.9
trainer: 
  resume: None
  force_resume: False
  work_dir: result/dm_train_png
  pixel_loss_type: l1
  pixel_w: 0.1
  gan_w: 1.0
  fm_layers: all
  fm_w: 1.0
  ac_w: 0.1
  ac_gen_w: 0.1
  fact_const_w: 0.0
  save: all-last
  print_freq: 1000
  val_freq: 10000
  save_freq: 50000
  tb_freq: 100
gen: 
  n_heads: 3
dset: 
  loader: 
    batch_size: 4
    num_workers: 1
  train: 
    n_in_s: 3
    n_in_min: 1
    n_in_max: 4
    data_dir: data_example/kor/png
    chars: data/kor/train_chars_png.json
    extension: png
  val: 
    seen_chars: 
      data_dir: data_example/kor/png
      extension: png
      n_gen: 20
      n_font: 3
      chars: data/kor/val_seen_chars_png.json
      source_path: data/kor/NaNum_GoLyeo.ttf
      source_ext: ttf
use_ddp: False
[37m[36mINFO[0m[0m::04/13 07:54:56 | [0] Get dataset ...
[37m[36mINFO[0m[0m::04/13 07:56:26 | Run Argv:
> train_DM.py cfgs/DM/train.yaml cfgs/data/train/kor_dmfont_png.yaml
[37m[36mINFO[0m[0m::04/13 07:56:26 | Args:
config_paths  = ['cfgs/DM/train.yaml', 'cfgs/data/train/kor_dmfont_png.yaml']
nodes         = 1
gpus_per_node = 1
nr            = 0
port          = 13481
verbose       = True
world_size    = 1
[37m[36mINFO[0m[0m::04/13 07:56:26 | Configs:
seed: 2
model: dm
decomposition: data/kor/decomposition_DM.json
n_primals: 68
max_iter: 300000
g_lr: 0.0002
d_lr: 0.0008
ac_lr: 0.0002
adam_betas: 
  - 0.0
  - 0.9
trainer: 
  resume: None
  force_resume: False
  work_dir: result/dm_train_png
  pixel_loss_type: l1
  pixel_w: 0.1
  gan_w: 1.0
  fm_layers: all
  fm_w: 1.0
  ac_w: 0.1
  ac_gen_w: 0.1
  fact_const_w: 0.0
  save: all-last
  print_freq: 1000
  val_freq: 10000
  save_freq: 50000
  tb_freq: 100
gen: 
  n_heads: 3
dset: 
  loader: 
    batch_size: 4
    num_workers: 1
  train: 
    n_in_s: 3
    n_in_min: 1
    n_in_max: 4
    data_dir: data_example/kor/png
    chars: data/kor/train_chars_png.json
    extension: png
  val: 
    seen_chars: 
      data_dir: data_example/kor/png
      extension: png
      n_gen: 20
      n_font: 3
      chars: data/kor/val_seen_chars_png.json
      source_path: data/kor/NaNum_GoLyeo.ttf
      source_ext: ttf
use_ddp: False
[37m[36mINFO[0m[0m::04/13 07:56:26 | [0] Get dataset ...
[37m[36mINFO[0m[0m::04/13 08:03:39 | Run Argv:
> train_DM.py cfgs/DM/train.yaml cfgs/data/train/kor_dmfont_png.yaml
[37m[36mINFO[0m[0m::04/13 08:03:39 | Args:
config_paths  = ['cfgs/DM/train.yaml', 'cfgs/data/train/kor_dmfont_png.yaml']
nodes         = 1
gpus_per_node = 1
nr            = 0
port          = 13481
verbose       = True
world_size    = 1
[37m[36mINFO[0m[0m::04/13 08:03:39 | Configs:
seed: 2
model: dm
decomposition: data/kor/decomposition_DM.json
n_primals: 68
max_iter: 300000
g_lr: 0.0002
d_lr: 0.0008
ac_lr: 0.0002
adam_betas: 
  - 0.0
  - 0.9
trainer: 
  resume: None
  force_resume: False
  work_dir: result/dm_train_png
  pixel_loss_type: l1
  pixel_w: 0.1
  gan_w: 1.0
  fm_layers: all
  fm_w: 1.0
  ac_w: 0.1
  ac_gen_w: 0.1
  fact_const_w: 0.0
  save: all-last
  print_freq: 1000
  val_freq: 10000
  save_freq: 50000
  tb_freq: 100
gen: 
  n_heads: 3
dset: 
  loader: 
    batch_size: 4
    num_workers: 1
  train: 
    n_in_s: 3
    n_in_min: 1
    n_in_max: 4
    data_dir: data_example/kor/png
    chars: data/kor/train_chars_png.json
    extension: png
  val: 
    seen_chars: 
      data_dir: data_example/kor/png
      extension: png
      n_gen: 20
      n_font: 3
      chars: data/kor/val_seen_chars_png.json
      source_path: data/kor/NaNum_GoLyeo.ttf
      source_ext: ttf
use_ddp: False
[37m[36mINFO[0m[0m::04/13 08:03:40 | [0] Get dataset ...
[37m[36mINFO[0m[0m::04/13 08:05:19 | Run Argv:
> train_DM.py cfgs/DM/train.yaml cfgs/data/train/kor_dmfont_png.yaml
[37m[36mINFO[0m[0m::04/13 08:05:19 | Args:
config_paths  = ['cfgs/DM/train.yaml', 'cfgs/data/train/kor_dmfont_png.yaml']
nodes         = 1
gpus_per_node = 1
nr            = 0
port          = 13481
verbose       = True
world_size    = 1
[37m[36mINFO[0m[0m::04/13 08:05:19 | Configs:
seed: 2
model: dm
decomposition: data/kor/decomposition_DM.json
n_primals: 68
max_iter: 300000
g_lr: 0.0002
d_lr: 0.0008
ac_lr: 0.0002
adam_betas: 
  - 0.0
  - 0.9
trainer: 
  resume: None
  force_resume: False
  work_dir: result/dm_train_png
  pixel_loss_type: l1
  pixel_w: 0.1
  gan_w: 1.0
  fm_layers: all
  fm_w: 1.0
  ac_w: 0.1
  ac_gen_w: 0.1
  fact_const_w: 0.0
  save: all-last
  print_freq: 1000
  val_freq: 10000
  save_freq: 50000
  tb_freq: 100
gen: 
  n_heads: 3
dset: 
  loader: 
    batch_size: 4
    num_workers: 1
  train: 
    n_in_s: 3
    n_in_min: 1
    n_in_max: 4
    data_dir: data_example/kor/png
    chars: data/kor/train_chars_png.json
    extension: png
  val: 
    seen_chars: 
      data_dir: data_example/kor/png
      extension: png
      n_gen: 20
      n_font: 3
      chars: data/kor/val_seen_chars_png.json
      source_path: data/kor/NaNum_GoLyeo.ttf
      source_ext: ttf
use_ddp: False
[37m[36mINFO[0m[0m::04/13 08:05:19 | [0] Get dataset ...
[37m[36mINFO[0m[0m::04/13 08:26:56 | Run Argv:
> train_DM.py cfgs/DM/train.yaml cfgs/data/train/kor_dmfont_png.yaml
[37m[36mINFO[0m[0m::04/13 08:26:56 | Args:
config_paths  = ['cfgs/DM/train.yaml', 'cfgs/data/train/kor_dmfont_png.yaml']
nodes         = 1
gpus_per_node = 1
nr            = 0
port          = 13481
verbose       = True
world_size    = 1
[37m[36mINFO[0m[0m::04/13 08:26:56 | Configs:
seed: 2
model: dm
decomposition: data/kor/decomposition_DM.json
n_primals: 68
max_iter: 300000
g_lr: 0.0002
d_lr: 0.0008
ac_lr: 0.0002
adam_betas: 
  - 0.0
  - 0.9
trainer: 
  resume: None
  force_resume: False
  work_dir: result/dm_train_png
  pixel_loss_type: l1
  pixel_w: 0.1
  gan_w: 1.0
  fm_layers: all
  fm_w: 1.0
  ac_w: 0.1
  ac_gen_w: 0.1
  fact_const_w: 0.0
  save: all-last
  print_freq: 1000
  val_freq: 10000
  save_freq: 50000
  tb_freq: 100
gen: 
  n_heads: 3
dset: 
  loader: 
    batch_size: 4
    num_workers: 1
  train: 
    n_in_s: 3
    n_in_min: 1
    n_in_max: 4
    data_dir: data_example/kor/png
    chars: data/kor/train_chars_png.json
    extension: png
  val: 
    seen_chars: 
      data_dir: data_example/kor/png
      extension: png
      n_gen: 20
      n_font: 3
      chars: data/kor/val_seen_chars_png.json
      source_path: data/kor/NaNum_GoLyeo.ttf
      source_ext: ttf
use_ddp: False
[37m[36mINFO[0m[0m::04/13 08:26:57 | [0] Get dataset ...
[37m[36mINFO[0m[0m::04/14 09:13:09 | Run Argv:
> train_DM.py cfgs/DM/train.yaml cfgs/data/train/kor_dmfont_png.yaml
[37m[36mINFO[0m[0m::04/14 09:13:09 | Args:
config_paths  = ['cfgs/DM/train.yaml', 'cfgs/data/train/kor_dmfont_png.yaml']
nodes         = 1
gpus_per_node = 1
nr            = 0
port          = 13481
verbose       = True
world_size    = 1
[37m[36mINFO[0m[0m::04/14 09:13:09 | Configs:
seed: 2
model: dm
decomposition: data/kor/decomposition_DM.json
n_primals: 68
max_iter: 300000
g_lr: 0.0002
d_lr: 0.0008
ac_lr: 0.0002
adam_betas: 
  - 0.0
  - 0.9
trainer: 
  resume: None
  force_resume: False
  work_dir: result/dm_train_png
  pixel_loss_type: l1
  pixel_w: 0.1
  gan_w: 1.0
  fm_layers: all
  fm_w: 1.0
  ac_w: 0.1
  ac_gen_w: 0.1
  fact_const_w: 0.0
  save: all-last
  print_freq: 1000
  val_freq: 10000
  save_freq: 50000
  tb_freq: 100
gen: 
  n_heads: 3
dset: 
  loader: 
    batch_size: 4
    num_workers: 1
  train: 
    n_in_s: 3
    n_in_min: 1
    n_in_max: 4
    data_dir: data_example/kor/png
    chars: data/kor/train_chars_png.json
    extension: png
  val: 
    seen_chars: 
      data_dir: data_example/kor/png
      extension: png
      n_gen: 20
      n_font: 3
      chars: data/kor/val_seen_chars_png.json
      source_path: data/kor/NaNum_GoLyeo.ttf
      source_ext: ttf
use_ddp: False
[37m[36mINFO[0m[0m::04/14 09:13:09 | [0] Get dataset ...
[37m[36mINFO[0m[0m::04/14 09:22:37 | Run Argv:
> train_DM.py cfgs/DM/train.yaml cfgs/data/train/kor_dmfont_png.yaml
[37m[36mINFO[0m[0m::04/14 09:22:37 | Args:
config_paths  = ['cfgs/DM/train.yaml', 'cfgs/data/train/kor_dmfont_png.yaml']
nodes         = 1
gpus_per_node = 1
nr            = 0
port          = 13481
verbose       = True
world_size    = 1
[37m[36mINFO[0m[0m::04/14 09:22:37 | Configs:
seed: 2
model: dm
decomposition: data/kor/decomposition_DM.json
n_primals: 68
max_iter: 300000
g_lr: 0.0002
d_lr: 0.0008
ac_lr: 0.0002
adam_betas: 
  - 0.0
  - 0.9
trainer: 
  resume: None
  force_resume: False
  work_dir: result/dm_train_png
  pixel_loss_type: l1
  pixel_w: 0.1
  gan_w: 1.0
  fm_layers: all
  fm_w: 1.0
  ac_w: 0.1
  ac_gen_w: 0.1
  fact_const_w: 0.0
  save: all-last
  print_freq: 1000
  val_freq: 10000
  save_freq: 50000
  tb_freq: 100
gen: 
  n_heads: 3
dset: 
  loader: 
    batch_size: 4
    num_workers: 1
  train: 
    n_in_s: 3
    n_in_min: 1
    n_in_max: 4
    data_dir: data_example/kor/png
    chars: data/kor/train_chars_png.json
    extension: png
  val: 
    seen_chars: 
      data_dir: data_example/kor/png
      extension: png
      n_gen: 20
      n_font: 3
      chars: data/kor/val_seen_chars_png.json
      source_path: data/kor/NaNum_GoLyeo.ttf
      source_ext: ttf
use_ddp: False
[37m[36mINFO[0m[0m::04/14 09:22:37 | [0] Get dataset ...
[37m[36mINFO[0m[0m::04/14 09:24:17 | Run Argv:
> train_DM.py cfgs/DM/train.yaml cfgs/data/train/kor_dmfont_png.yaml
[37m[36mINFO[0m[0m::04/14 09:24:17 | Args:
config_paths  = ['cfgs/DM/train.yaml', 'cfgs/data/train/kor_dmfont_png.yaml']
nodes         = 1
gpus_per_node = 1
nr            = 0
port          = 13481
verbose       = True
world_size    = 1
[37m[36mINFO[0m[0m::04/14 09:24:17 | Configs:
seed: 2
model: dm
decomposition: data/kor/decomposition_DM.json
n_primals: 68
max_iter: 300000
g_lr: 0.0002
d_lr: 0.0008
ac_lr: 0.0002
adam_betas: 
  - 0.0
  - 0.9
trainer: 
  resume: None
  force_resume: False
  work_dir: result/dm_train_png
  pixel_loss_type: l1
  pixel_w: 0.1
  gan_w: 1.0
  fm_layers: all
  fm_w: 1.0
  ac_w: 0.1
  ac_gen_w: 0.1
  fact_const_w: 0.0
  save: all-last
  print_freq: 1000
  val_freq: 10000
  save_freq: 50000
  tb_freq: 100
gen: 
  n_heads: 3
dset: 
  loader: 
    batch_size: 4
    num_workers: 1
  train: 
    n_in_s: 3
    n_in_min: 1
    n_in_max: 4
    data_dir: data_example/kor/png
    chars: data/kor/train_chars_png.json
    extension: png
  val: 
    seen_chars: 
      data_dir: data_example/kor/png
      extension: png
      n_gen: 20
      n_font: 3
      chars: data/kor/val_seen_chars_png.json
      source_path: data/kor/NaNum_GoLyeo.ttf
      source_ext: ttf
use_ddp: False
[37m[36mINFO[0m[0m::04/14 09:24:17 | [0] Get dataset ...
[37m[36mINFO[0m[0m::04/14 09:30:18 | Run Argv:
> train_DM.py cfgs/DM/train.yaml cfgs/data/train/kor_dmfont_png.yaml
[37m[36mINFO[0m[0m::04/14 09:30:18 | Args:
config_paths  = ['cfgs/DM/train.yaml', 'cfgs/data/train/kor_dmfont_png.yaml']
nodes         = 1
gpus_per_node = 1
nr            = 0
port          = 13481
verbose       = True
world_size    = 1
[37m[36mINFO[0m[0m::04/14 09:30:18 | Configs:
seed: 2
model: dm
decomposition: data/kor/decomposition_DM.json
n_primals: 68
max_iter: 300000
g_lr: 0.0002
d_lr: 0.0008
ac_lr: 0.0002
adam_betas: 
  - 0.0
  - 0.9
trainer: 
  resume: None
  force_resume: False
  work_dir: result/dm_train_png
  pixel_loss_type: l1
  pixel_w: 0.1
  gan_w: 1.0
  fm_layers: all
  fm_w: 1.0
  ac_w: 0.1
  ac_gen_w: 0.1
  fact_const_w: 0.0
  save: all-last
  print_freq: 1000
  val_freq: 10000
  save_freq: 50000
  tb_freq: 100
gen: 
  n_heads: 3
dset: 
  loader: 
    batch_size: 4
    num_workers: 1
  train: 
    n_in_s: 3
    n_in_min: 1
    n_in_max: 4
    data_dir: data_example/kor/png
    chars: data/kor/train_chars_png.json
    extension: png
  val: 
    seen_chars: 
      data_dir: data_example/kor/png
      extension: png
      n_gen: 20
      n_font: 3
      chars: data/kor/val_seen_chars_png.json
      source_path: data/kor/NaNum_GoLyeo.ttf
      source_ext: ttf
use_ddp: False
[37m[36mINFO[0m[0m::04/14 09:30:18 | [0] Get dataset ...
[37m[36mINFO[0m[0m::04/14 10:18:01 | Run Argv:
> train_DM.py cfgs/DM/train.yaml cfgs/data/train/kor_dmfont_png.yaml
[37m[36mINFO[0m[0m::04/14 10:18:01 | Args:
config_paths  = ['cfgs/DM/train.yaml', 'cfgs/data/train/kor_dmfont_png.yaml']
nodes         = 1
gpus_per_node = 1
nr            = 0
port          = 13481
verbose       = True
world_size    = 1
[37m[36mINFO[0m[0m::04/14 10:18:01 | Configs:
seed: 2
model: dm
decomposition: data/kor/decomposition_DM.json
n_primals: 68
max_iter: 300000
g_lr: 0.0002
d_lr: 0.0008
ac_lr: 0.0002
adam_betas: 
  - 0.0
  - 0.9
trainer: 
  resume: None
  force_resume: False
  work_dir: result/dm_train_png
  pixel_loss_type: l1
  pixel_w: 0.1
  gan_w: 1.0
  fm_layers: all
  fm_w: 1.0
  ac_w: 0.1
  ac_gen_w: 0.1
  fact_const_w: 0.0
  save: all-last
  print_freq: 1000
  val_freq: 10000
  save_freq: 50000
  tb_freq: 100
gen: 
  n_heads: 3
dset: 
  loader: 
    batch_size: 4
    num_workers: 1
  train: 
    n_in_s: 3
    n_in_min: 1
    n_in_max: 4
    data_dir: data_example/kor/png
    chars: data/kor/train_chars_png.json
    extension: png
  val: 
    seen_chars: 
      data_dir: data_example/kor/png
      extension: png
      n_gen: 20
      n_font: 3
      chars: data/kor/val_seen_chars_png.json
      source_path: data/kor/NaNum_GoLyeo.ttf
      source_ext: ttf
use_ddp: False
[37m[36mINFO[0m[0m::04/14 10:18:02 | [0] Get dataset ...
[37m[36mINFO[0m[0m::04/14 10:18:02 | [0] Build model ...
[37m[36mINFO[0m[0m::04/14 10:18:05 | Start training ...
[37m[36mINFO[0m[0m::04/14 11:34:26 | Run Argv:
> train_DM.py cfgs/DM/train.yaml cfgs/data/train/kor_dmfont_png.yaml
[37m[36mINFO[0m[0m::04/14 11:34:26 | Args:
config_paths  = ['cfgs/DM/train.yaml', 'cfgs/data/train/kor_dmfont_png.yaml']
nodes         = 1
gpus_per_node = 1
nr            = 0
port          = 13481
verbose       = True
world_size    = 1
[37m[36mINFO[0m[0m::04/14 11:34:26 | Configs:
seed: 2
model: dm
decomposition: data/kor/decomposition_DM.json
n_primals: 68
max_iter: 300000
g_lr: 0.0002
d_lr: 0.0008
ac_lr: 0.0002
adam_betas: 
  - 0.0
  - 0.9
trainer: 
  resume: None
  force_resume: False
  work_dir: result/dm_train_png
  pixel_loss_type: l1
  pixel_w: 0.1
  gan_w: 1.0
  fm_layers: all
  fm_w: 1.0
  ac_w: 0.1
  ac_gen_w: 0.1
  fact_const_w: 0.0
  save: all-last
  print_freq: 1000
  val_freq: 10000
  save_freq: 50000
  tb_freq: 100
gen: 
  n_heads: 3
dset: 
  loader: 
    batch_size: 4
    num_workers: 1
  train: 
    n_in_s: 3
    n_in_min: 1
    n_in_max: 4
    data_dir: data_example/kor/png
    chars: data/kor/train_chars_png.json
    extension: png
  val: 
    seen_chars: 
      data_dir: data_example/kor/png
      extension: png
      n_gen: 20
      n_font: 3
      chars: data/kor/val_seen_chars_png.json
      source_path: data/kor/NaNum_GoLyeo.ttf
      source_ext: ttf
use_ddp: False
[37m[36mINFO[0m[0m::04/14 11:34:26 | [0] Get dataset ...
[37m[36mINFO[0m[0m::04/14 11:34:26 | [0] Build model ...
[37m[36mINFO[0m[0m::04/14 11:34:28 | Start training ...
